libtd/build/intermediates/manifest_merge_blame_file/debug/manifest-merger-blame-debug-report.txt
1<?xml version="1.0" encoding="utf-8"?>
2<!--
3  ~ Copyright Aliaksei Levin (levlam@telegram.org), Arseny Smirnov (arseny30@gmail.com) 2014-2021
4  ~
5  ~ Distributed under the Boost Software License, Version 1.0. (See accompanying
6  ~ file LICENSE_1_0.txt or copy at http://www.boost.org/LICENSE_1_0.txt)
7-->
8<manifest xmlns:android="http://schemas.android.com/apk/res/android"
9    package="org.drinkless.td.libcore.telegram" >
10
11    <uses-sdk android:minSdkVersion="10" />
11-->src\main\AndroidManifest.xml
12
13    <uses-permission android:name="android.permission.INTERNET" />
13-->src\main\AndroidManifest.xml:10:5-66
13-->src\main\AndroidManifest.xml:10:22-64
14    <uses-permission android:name="android.permission.WRITE_EXTERNAL_STORAGE" />
14-->src\main\AndroidManifest.xml:11:5-80
14-->src\main\AndroidManifest.xml:11:22-78
15
16    <application
16-->src\main\AndroidManifest.xml:12:5-13:43
17        android:allowBackup="true"
17-->src\main\AndroidManifest.xml:12:18-44
18        android:label="@string/app_name" />
18-->src\main\AndroidManifest.xml:13:9-41
19
20</manifest>